=== Batch 2 ===
SET
INSERT 0 49548

real	0m5.927s
user	0m0.325s
sys	0m0.079s
=== Batch 3 ===
SET
INSERT 0 49541

real	0m7.013s
user	0m0.593s
sys	0m0.194s
=== Batch 4 ===
SET
INSERT 0 49438

real	0m8.295s
user	0m0.520s
sys	0m0.187s
=== Batch 5 ===
SET
INSERT 0 49545

real	0m7.718s
user	0m0.471s
sys	0m0.127s
=== Batch 6 ===
SET
INSERT 0 49531

real	0m8.281s
user	0m0.560s
sys	0m0.178s
=== Batch 7 ===
SET
INSERT 0 49534

real	0m8.999s
user	0m0.449s
sys	0m0.115s
=== Batch 8 ===
SET
INSERT 0 49506

real	0m7.462s
user	0m0.475s
sys	0m0.126s
=== Batch 9 ===
SET
INSERT 0 49543

real	0m6.657s
user	0m0.372s
sys	0m0.101s
=== Batch 10 ===
LINE 1: ,
        ^

real	0m5.918s
user	0m0.307s
sys	0m0.075s
